app/build/intermediates/manifest_merge_blame_file/debug/manifest-merger-blame-debug-report.txt
1<?xml version="1.0" encoding="utf-8"?>
2<manifest xmlns:android="http://schemas.android.com/apk/res/android"
3    package="com.app.friendschat"
4    android:versionCode="100"
5    android:versionName="1.0.0" >
6
7    <uses-sdk
8        android:minSdkVersion="24"
8-->src\main\AndroidManifest.xml
9        android:targetSdkVersion="34" />
9-->src\main\AndroidManifest.xml
10
11    <uses-permission android:name="android.permission.INTERNET " />
11-->src\main\AndroidManifest.xml:6:5-68
11-->src\main\AndroidManifest.xml:6:22-65
12    <uses-permission android:name="android.permission.ACCESS_WIFI_STATE" />
12-->src\main\AndroidManifest.xml:7:5-76
12-->src\main\AndroidManifest.xml:7:22-73
13    <uses-permission android:name="android.permission.ACCESS_NETWORK_STATE" />
13-->src\main\AndroidManifest.xml:8:5-79
13-->src\main\AndroidManifest.xml:8:22-76
14    <uses-permission android:name="android.permission.READ_MEDIA_IMAGES" />
14-->src\main\AndroidManifest.xml:9:5-76
14-->src\main\AndroidManifest.xml:9:22-73
15    <uses-permission android:name="android.permission.WRITE_EXTERNAL_STORAGE" />
15-->src\main\AndroidManifest.xml:10:5-81
15-->src\main\AndroidManifest.xml:10:22-78
16    <uses-permission android:name="android.permission.READ_EXTERNAL_STORAGE" />
16-->src\main\AndroidManifest.xml:11:5-80
16-->src\main\AndroidManifest.xml:11:22-77
17    <uses-permission android:name="com.google.android.gms.permission.AD_ID" />
17-->src\main\AndroidManifest.xml:12:5-79
17-->src\main\AndroidManifest.xml:12:22-76
18    <uses-permission android:name="android.permission.INTERNET" />
18-->[com.appsflyer:af-android-sdk:6.9.3] AndroidManifest.xml:11:5-67
18-->[com.appsflyer:af-android-sdk:6.9.3] AndroidManifest.xml:11:22-64
19    <uses-permission android:name="android.permission.POST_NOTIFICATIONS" />
19-->[com.google.firebase:firebase-messaging:23.1.2] AndroidManifest.xml:25:5-77
19-->[com.google.firebase:firebase-messaging:23.1.2] AndroidManifest.xml:25:22-74
20    <uses-permission android:name="android.permission.WAKE_LOCK" /> <!-- Required by older versions of Google Play services to create IID tokens -->
20-->[com.google.firebase:firebase-messaging:23.1.2] AndroidManifest.xml:26:5-68
20-->[com.google.firebase:firebase-messaging:23.1.2] AndroidManifest.xml:26:22-65
21    <uses-permission android:name="com.google.android.c2dm.permission.RECEIVE" />
21-->[com.google.firebase:firebase-messaging:23.1.2] AndroidManifest.xml:28:5-82
21-->[com.google.firebase:firebase-messaging:23.1.2] AndroidManifest.xml:28:22-79
22    <uses-permission android:name="com.google.android.finsky.permission.BIND_GET_INSTALL_REFERRER_SERVICE" />
22-->[com.google.android.gms:play-services-measurement:21.3.0] AndroidManifest.xml:26:5-110
22-->[com.google.android.gms:play-services-measurement:21.3.0] AndroidManifest.xml:26:22-107
23    <uses-permission android:name="android.permission.RECEIVE_BOOT_COMPLETED" />
23-->[androidx.work:work-runtime:2.7.0] AndroidManifest.xml:27:5-81
23-->[androidx.work:work-runtime:2.7.0] AndroidManifest.xml:27:22-78
24    <uses-permission android:name="android.permission.FOREGROUND_SERVICE" />
24-->[androidx.work:work-runtime:2.7.0] AndroidManifest.xml:28:5-77
24-->[androidx.work:work-runtime:2.7.0] AndroidManifest.xml:28:22-74
25
26    <permission
26-->[androidx.core:core:1.9.0] AndroidManifest.xml:22:5-24:47
27        android:name="com.app.friendschat.DYNAMIC_RECEIVER_NOT_EXPORTED_PERMISSION"
27-->[androidx.core:core:1.9.0] AndroidManifest.xml:23:9-81
28        android:protectionLevel="signature" />
28-->[androidx.core:core:1.9.0] AndroidManifest.xml:24:9-44
29
30    <uses-permission android:name="com.app.friendschat.DYNAMIC_RECEIVER_NOT_EXPORTED_PERMISSION" />
30-->[androidx.core:core:1.9.0] AndroidManifest.xml:26:5-97
30-->[androidx.core:core:1.9.0] AndroidManifest.xml:26:22-94
31
32    <application
32-->src\main\AndroidManifest.xml:14:5-122:19
33        android:name="com.app.friendschat.App"
33-->src\main\AndroidManifest.xml:15:9-47
34        android:allowBackup="true"
34-->[com.github.zhouzhuo810:ZzHorizontalProgressBar:1.1.1] AndroidManifest.xml:12:9-35
35        android:appComponentFactory="androidx.core.app.CoreComponentFactory"
35-->[androidx.core:core:1.9.0] AndroidManifest.xml:28:18-86
36        android:debuggable="true"
37        android:extractNativeLibs="false"
38        android:fullBackupContent="@xml/appsflyer_backup_rules"
38-->[com.appsflyer:af-android-sdk:6.9.3] AndroidManifest.xml:15:18-73
39        android:icon="@drawable/app_logo"
39-->src\main\AndroidManifest.xml:16:9-42
40        android:label="@string/app_name"
40-->src\main\AndroidManifest.xml:17:9-41
41        android:roundIcon="@drawable/app_logo"
41-->src\main\AndroidManifest.xml:18:9-47
42        android:supportsRtl="true"
42-->src\main\AndroidManifest.xml:19:9-35
43        android:testOnly="true"
44        android:theme="@style/Theme.hearRateMonitor"
44-->src\main\AndroidManifest.xml:20:9-53
45        android:usesCleartextTraffic="true" >
45-->src\main\AndroidManifest.xml:21:9-44
46        <activity
46-->src\main\AndroidManifest.xml:23:9-27:55
47            android:name="com.app.friendschat.ui.permission.PermissionBepicActivity"
47-->src\main\AndroidManifest.xml:24:13-85
48            android:exported="false"
48-->src\main\AndroidManifest.xml:25:13-37
49            android:screenOrientation="portrait"
49-->src\main\AndroidManifest.xml:26:13-49
50            android:windowSoftInputMode="adjustPan" />
50-->src\main\AndroidManifest.xml:27:13-52
51        <activity
51-->src\main\AndroidManifest.xml:29:9-33:55
52            android:name="com.app.friendschat.ui.no_internet.NoInternetBepicActivity"
52-->src\main\AndroidManifest.xml:30:13-86
53            android:exported="false"
53-->src\main\AndroidManifest.xml:31:13-37
54            android:screenOrientation="portrait"
54-->src\main\AndroidManifest.xml:32:13-49
55            android:windowSoftInputMode="adjustPan" />
55-->src\main\AndroidManifest.xml:33:13-52
56        <activity
56-->src\main\AndroidManifest.xml:35:9-39:55
57            android:name="com.app.friendschat.ui.emoji_edit.EditEmojiBepicActivity"
57-->src\main\AndroidManifest.xml:36:13-84
58            android:exported="false"
58-->src\main\AndroidManifest.xml:37:13-37
59            android:screenOrientation="portrait"
59-->src\main\AndroidManifest.xml:38:13-49
60            android:windowSoftInputMode="adjustPan" />
60-->src\main\AndroidManifest.xml:39:13-52
61        <activity
61-->src\main\AndroidManifest.xml:41:9-45:55
62            android:name="com.app.friendschat.ui.success.SuccessNewScreenActivity"
62-->src\main\AndroidManifest.xml:42:13-83
63            android:exported="false"
63-->src\main\AndroidManifest.xml:43:13-37
64            android:screenOrientation="portrait"
64-->src\main\AndroidManifest.xml:44:13-49
65            android:windowSoftInputMode="adjustPan" />
65-->src\main\AndroidManifest.xml:45:13-52
66        <activity
66-->src\main\AndroidManifest.xml:47:9-51:55
67            android:name="com.app.friendschat.ui.sticker_pack_detail.StickerPackDetailBepicActivity"
67-->src\main\AndroidManifest.xml:48:13-101
68            android:exported="false"
68-->src\main\AndroidManifest.xml:49:13-37
69            android:screenOrientation="portrait"
69-->src\main\AndroidManifest.xml:50:13-49
70            android:windowSoftInputMode="adjustPan" />
70-->src\main\AndroidManifest.xml:51:13-52
71        <activity
71-->src\main\AndroidManifest.xml:53:9-57:55
72            android:name="com.app.friendschat.ui.language_setting.LanguageBepicActivity"
72-->src\main\AndroidManifest.xml:54:13-89
73            android:exported="false"
73-->src\main\AndroidManifest.xml:55:13-37
74            android:screenOrientation="portrait"
74-->src\main\AndroidManifest.xml:56:13-49
75            android:windowSoftInputMode="adjustPan" />
75-->src\main\AndroidManifest.xml:57:13-52
76        <activity
76-->src\main\AndroidManifest.xml:59:9-63:55
77            android:name="com.app.friendschat.ui.policy.PolicyBepicActivity"
77-->src\main\AndroidManifest.xml:60:13-77
78            android:exported="false"
78-->src\main\AndroidManifest.xml:61:13-37
79            android:screenOrientation="portrait"
79-->src\main\AndroidManifest.xml:62:13-49
80            android:windowSoftInputMode="adjustPan" />
80-->src\main\AndroidManifest.xml:63:13-52
81        <activity
81-->src\main\AndroidManifest.xml:65:9-69:64
82            android:name="com.app.friendschat.ui.emoji.EmojiBepicActivity"
82-->src\main\AndroidManifest.xml:66:13-75
83            android:exported="true"
83-->src\main\AndroidManifest.xml:67:13-36
84            android:screenOrientation="portrait"
84-->src\main\AndroidManifest.xml:68:13-49
85            android:windowSoftInputMode="adjustPan" />
85-->src\main\AndroidManifest.xml:69:13-52
86        <activity
86-->src\main\AndroidManifest.xml:71:9-75:55
87            android:name="com.app.friendschat.ui.intro.IntroBepicActivity"
87-->src\main\AndroidManifest.xml:72:13-75
88            android:exported="false"
88-->src\main\AndroidManifest.xml:73:13-37
89            android:screenOrientation="portrait"
89-->src\main\AndroidManifest.xml:74:13-49
90            android:windowSoftInputMode="adjustPan" />
90-->src\main\AndroidManifest.xml:75:13-52
91        <activity
91-->src\main\AndroidManifest.xml:77:9-81:55
92            android:name="com.app.friendschat.ui.language_start.LanguageStartBepicActivity"
92-->src\main\AndroidManifest.xml:78:13-92
93            android:exported="false"
93-->src\main\AndroidManifest.xml:79:13-37
94            android:screenOrientation="portrait"
94-->src\main\AndroidManifest.xml:80:13-49
95            android:windowSoftInputMode="adjustPan" />
95-->src\main\AndroidManifest.xml:81:13-52
96        <activity
96-->src\main\AndroidManifest.xml:83:9-87:64
97            android:name="com.app.friendschat.ui.test.DrawTestNewScreenActivity"
97-->src\main\AndroidManifest.xml:84:13-81
98            android:exported="true"
98-->src\main\AndroidManifest.xml:85:13-36
99            android:screenOrientation="portrait"
99-->src\main\AndroidManifest.xml:86:13-49
100            android:windowSoftInputMode="adjustPan" />
100-->src\main\AndroidManifest.xml:87:13-52
101        <activity
101-->src\main\AndroidManifest.xml:89:9-100:20
102            android:name="com.app.friendschat.ui.splash.SplashBepicActivity"
102-->src\main\AndroidManifest.xml:90:13-77
103            android:exported="true"
103-->src\main\AndroidManifest.xml:91:13-36
104            android:screenOrientation="portrait"
104-->src\main\AndroidManifest.xml:92:13-49
105            android:windowSoftInputMode="adjustPan" >
105-->src\main\AndroidManifest.xml:93:13-52
106            <intent-filter>
106-->src\main\AndroidManifest.xml:95:13-99:29
107                <action android:name="android.intent.action.MAIN" />
107-->src\main\AndroidManifest.xml:96:17-69
107-->src\main\AndroidManifest.xml:96:25-66
108
109                <category android:name="android.intent.category.LAUNCHER" />
109-->src\main\AndroidManifest.xml:98:17-77
109-->src\main\AndroidManifest.xml:98:27-74
110            </intent-filter>
111        </activity>
112        <activity
112-->src\main\AndroidManifest.xml:101:9-105:56
113            android:name="com.app.friendschat.ui.main.MainBepicActivity"
113-->src\main\AndroidManifest.xml:102:13-73
114            android:screenOrientation="portrait"
114-->src\main\AndroidManifest.xml:103:13-49
115            android:windowSoftInputMode="adjustPan" />
115-->src\main\AndroidManifest.xml:104:13-52
116
117        <provider
117-->src\main\AndroidManifest.xml:107:9-115:20
118            android:name="androidx.core.content.FileProvider"
118-->src\main\AndroidManifest.xml:108:13-62
119            android:authorities="com.app.friendschat.provider"
119-->src\main\AndroidManifest.xml:109:13-63
120            android:exported="false"
120-->src\main\AndroidManifest.xml:110:13-37
121            android:grantUriPermissions="true" >
121-->src\main\AndroidManifest.xml:111:13-47
122            <meta-data
122-->src\main\AndroidManifest.xml:112:13-114:58
123                android:name="android.support.FILE_PROVIDER_PATHS"
123-->src\main\AndroidManifest.xml:113:17-67
124                android:resource="@xml/provider_paths" />
124-->src\main\AndroidManifest.xml:114:17-55
125        </provider>
126        <provider
127            android:name="com.app.friendschat.whatsapp.StickerContentProvider"
127-->src\main\AndroidManifest.xml:117:13-79
128            android:authorities="com.app.friendschat.WhatsAppCode.StickerContentProvider"
128-->src\main\AndroidManifest.xml:118:13-62
129            android:enabled="true"
129-->src\main\AndroidManifest.xml:119:13-35
130            android:exported="true"
130-->src\main\AndroidManifest.xml:120:13-36
131            android:readPermission="com.whatsapp.sticker.READ" />
131-->src\main\AndroidManifest.xml:121:13-63
132
133        <service
133-->[com.google.firebase:firebase-firestore-ktx:24.4.3] AndroidManifest.xml:11:9-17:19
134            android:name="com.google.firebase.components.ComponentDiscoveryService"
134-->[com.google.firebase:firebase-firestore-ktx:24.4.3] AndroidManifest.xml:12:13-84
135            android:directBootAware="true"
135-->[com.google.firebase:firebase-common:20.3.1] AndroidManifest.xml:34:13-43
136            android:exported="false" >
136-->[com.google.firebase:firebase-firestore-ktx:24.4.3] AndroidManifest.xml:13:13-37
137            <meta-data
137-->[com.google.firebase:firebase-firestore-ktx:24.4.3] AndroidManifest.xml:14:13-16:85
138                android:name="com.google.firebase.components:com.google.firebase.firestore.ktx.FirebaseFirestoreKtxRegistrar"
138-->[com.google.firebase:firebase-firestore-ktx:24.4.3] AndroidManifest.xml:15:17-126
139                android:value="com.google.firebase.components.ComponentRegistrar" />
139-->[com.google.firebase:firebase-firestore-ktx:24.4.3] AndroidManifest.xml:16:17-82
140            <meta-data
140-->[com.google.firebase:firebase-common-ktx:20.2.0] AndroidManifest.xml:14:13-16:85
141                android:name="com.google.firebase.components:com.google.firebase.ktx.FirebaseCommonKtxRegistrar"
141-->[com.google.firebase:firebase-common-ktx:20.2.0] AndroidManifest.xml:15:17-113
142                android:value="com.google.firebase.components.ComponentRegistrar" />
142-->[com.google.firebase:firebase-common-ktx:20.2.0] AndroidManifest.xml:16:17-82
143            <meta-data
143-->[com.google.firebase:firebase-messaging:23.1.2] AndroidManifest.xml:55:13-57:85
144                android:name="com.google.firebase.components:com.google.firebase.messaging.FirebaseMessagingRegistrar"
144-->[com.google.firebase:firebase-messaging:23.1.2] AndroidManifest.xml:56:17-119
145                android:value="com.google.firebase.components.ComponentRegistrar" />
145-->[com.google.firebase:firebase-messaging:23.1.2] AndroidManifest.xml:57:17-82
146            <meta-data
146-->[com.google.firebase:firebase-firestore:24.4.3] AndroidManifest.xml:19:13-21:85
147                android:name="com.google.firebase.components:com.google.firebase.firestore.FirestoreRegistrar"
147-->[com.google.firebase:firebase-firestore:24.4.3] AndroidManifest.xml:20:17-111
148                android:value="com.google.firebase.components.ComponentRegistrar" />
148-->[com.google.firebase:firebase-firestore:24.4.3] AndroidManifest.xml:21:17-82
149            <meta-data
149-->[com.google.firebase:firebase-crashlytics:18.3.7] AndroidManifest.xml:17:13-19:85
150                android:name="com.google.firebase.components:com.google.firebase.crashlytics.CrashlyticsRegistrar"
150-->[com.google.firebase:firebase-crashlytics:18.3.7] AndroidManifest.xml:18:17-115
151                android:value="com.google.firebase.components.ComponentRegistrar" />
151-->[com.google.firebase:firebase-crashlytics:18.3.7] AndroidManifest.xml:19:17-82
152            <meta-data
152-->[com.google.firebase:firebase-config:21.4.0] AndroidManifest.xml:31:13-33:85
153                android:name="com.google.firebase.components:com.google.firebase.remoteconfig.RemoteConfigRegistrar"
153-->[com.google.firebase:firebase-config:21.4.0] AndroidManifest.xml:32:17-117
154                android:value="com.google.firebase.components.ComponentRegistrar" />
154-->[com.google.firebase:firebase-config:21.4.0] AndroidManifest.xml:33:17-82
155            <meta-data
155-->[com.google.android.gms:play-services-measurement-api:21.3.0] AndroidManifest.xml:31:13-33:85
156                android:name="com.google.firebase.components:com.google.firebase.analytics.connector.internal.AnalyticsConnectorRegistrar"
156-->[com.google.android.gms:play-services-measurement-api:21.3.0] AndroidManifest.xml:32:17-139
157                android:value="com.google.firebase.components.ComponentRegistrar" />
157-->[com.google.android.gms:play-services-measurement-api:21.3.0] AndroidManifest.xml:33:17-82
158            <meta-data
158-->[com.google.firebase:firebase-installations:17.1.3] AndroidManifest.xml:17:13-19:85
159                android:name="com.google.firebase.components:com.google.firebase.installations.FirebaseInstallationsRegistrar"
159-->[com.google.firebase:firebase-installations:17.1.3] AndroidManifest.xml:18:17-127
160                android:value="com.google.firebase.components.ComponentRegistrar" />
160-->[com.google.firebase:firebase-installations:17.1.3] AndroidManifest.xml:19:17-82
161            <meta-data
161-->[com.google.firebase:firebase-datatransport:18.1.7] AndroidManifest.xml:27:13-29:85
162                android:name="com.google.firebase.components:com.google.firebase.datatransport.TransportRegistrar"
162-->[com.google.firebase:firebase-datatransport:18.1.7] AndroidManifest.xml:28:17-115
163                android:value="com.google.firebase.components.ComponentRegistrar" />
163-->[com.google.firebase:firebase-datatransport:18.1.7] AndroidManifest.xml:29:17-82
164            <meta-data
164-->[com.google.firebase:firebase-abt:21.1.1] AndroidManifest.xml:12:13-14:85
165                android:name="com.google.firebase.components:com.google.firebase.abt.component.AbtRegistrar"
165-->[com.google.firebase:firebase-abt:21.1.1] AndroidManifest.xml:13:17-109
166                android:value="com.google.firebase.components.ComponentRegistrar" />
166-->[com.google.firebase:firebase-abt:21.1.1] AndroidManifest.xml:14:17-82
167        </service>
168
169        <provider
169-->[com.squareup.picasso:picasso:2.71828] AndroidManifest.xml:8:9-11:40
170            android:name="com.squareup.picasso.PicassoProvider"
170-->[com.squareup.picasso:picasso:2.71828] AndroidManifest.xml:9:13-64
171            android:authorities="com.app.friendschat.com.squareup.picasso"
171-->[com.squareup.picasso:picasso:2.71828] AndroidManifest.xml:10:13-72
172            android:exported="false" />
172-->[com.squareup.picasso:picasso:2.71828] AndroidManifest.xml:11:13-37
173
174        <activity
174-->[com.google.android.gms:play-services-auth:20.7.0] AndroidManifest.xml:23:9-27:75
175            android:name="com.google.android.gms.auth.api.signin.internal.SignInHubActivity"
175-->[com.google.android.gms:play-services-auth:20.7.0] AndroidManifest.xml:24:13-93
176            android:excludeFromRecents="true"
176-->[com.google.android.gms:play-services-auth:20.7.0] AndroidManifest.xml:25:13-46
177            android:exported="false"
177-->[com.google.android.gms:play-services-auth:20.7.0] AndroidManifest.xml:26:13-37
178            android:theme="@android:style/Theme.Translucent.NoTitleBar" />
178-->[com.google.android.gms:play-services-auth:20.7.0] AndroidManifest.xml:27:13-72
179        <!--
180            Service handling Google Sign-In user revocation. For apps that do not integrate with
181            Google Sign-In, this service will never be started.
182        -->
183        <service
183-->[com.google.android.gms:play-services-auth:20.7.0] AndroidManifest.xml:33:9-37:51
184            android:name="com.google.android.gms.auth.api.signin.RevocationBoundService"
184-->[com.google.android.gms:play-services-auth:20.7.0] AndroidManifest.xml:34:13-89
185            android:exported="true"
185-->[com.google.android.gms:play-services-auth:20.7.0] AndroidManifest.xml:35:13-36
186            android:permission="com.google.android.gms.auth.api.signin.permission.REVOCATION_NOTIFICATION"
186-->[com.google.android.gms:play-services-auth:20.7.0] AndroidManifest.xml:36:13-107
187            android:visibleToInstantApps="true" />
187-->[com.google.android.gms:play-services-auth:20.7.0] AndroidManifest.xml:37:13-48
188
189        <receiver
189-->[com.google.firebase:firebase-messaging:23.1.2] AndroidManifest.xml:31:9-38:20
190            android:name="com.google.firebase.iid.FirebaseInstanceIdReceiver"
190-->[com.google.firebase:firebase-messaging:23.1.2] AndroidManifest.xml:32:13-78
191            android:exported="true"
191-->[com.google.firebase:firebase-messaging:23.1.2] AndroidManifest.xml:33:13-36
192            android:permission="com.google.android.c2dm.permission.SEND" >
192-->[com.google.firebase:firebase-messaging:23.1.2] AndroidManifest.xml:34:13-73
193            <intent-filter>
193-->[com.google.firebase:firebase-messaging:23.1.2] AndroidManifest.xml:35:13-37:29
194                <action android:name="com.google.android.c2dm.intent.RECEIVE" />
194-->[com.google.firebase:firebase-messaging:23.1.2] AndroidManifest.xml:36:17-81
194-->[com.google.firebase:firebase-messaging:23.1.2] AndroidManifest.xml:36:25-78
195            </intent-filter>
196        </receiver>
197        <!--
198             FirebaseMessagingService performs security checks at runtime,
199             but set to not exported to explicitly avoid allowing another app to call it.
200        -->
201        <service
201-->[com.google.firebase:firebase-messaging:23.1.2] AndroidManifest.xml:44:9-51:19
202            android:name="com.google.firebase.messaging.FirebaseMessagingService"
202-->[com.google.firebase:firebase-messaging:23.1.2] AndroidManifest.xml:45:13-82
203            android:directBootAware="true"
203-->[com.google.firebase:firebase-messaging:23.1.2] AndroidManifest.xml:46:13-43
204            android:exported="false" >
204-->[com.google.firebase:firebase-messaging:23.1.2] AndroidManifest.xml:47:13-37
205            <intent-filter android:priority="-500" >
205-->[com.google.firebase:firebase-messaging:23.1.2] AndroidManifest.xml:48:13-50:29
205-->[com.google.firebase:firebase-messaging:23.1.2] AndroidManifest.xml:48:28-51
206                <action android:name="com.google.firebase.MESSAGING_EVENT" />
206-->[com.google.firebase:firebase-messaging:23.1.2] AndroidManifest.xml:49:17-78
206-->[com.google.firebase:firebase-messaging:23.1.2] AndroidManifest.xml:49:25-75
207            </intent-filter>
208        </service>
209
210        <provider
210-->[com.google.firebase:firebase-common:20.3.1] AndroidManifest.xml:25:9-30:39
211            android:name="com.google.firebase.provider.FirebaseInitProvider"
211-->[com.google.firebase:firebase-common:20.3.1] AndroidManifest.xml:26:13-77
212            android:authorities="com.app.friendschat.firebaseinitprovider"
212-->[com.google.firebase:firebase-common:20.3.1] AndroidManifest.xml:27:13-72
213            android:directBootAware="true"
213-->[com.google.firebase:firebase-common:20.3.1] AndroidManifest.xml:28:13-43
214            android:exported="false"
214-->[com.google.firebase:firebase-common:20.3.1] AndroidManifest.xml:29:13-37
215            android:initOrder="100" />
215-->[com.google.firebase:firebase-common:20.3.1] AndroidManifest.xml:30:13-36
216
217        <activity
217-->[com.google.android.gms:play-services-base:18.0.1] AndroidManifest.xml:20:9-22:45
218            android:name="com.google.android.gms.common.api.GoogleApiActivity"
218-->[com.google.android.gms:play-services-base:18.0.1] AndroidManifest.xml:20:19-85
219            android:exported="false"
219-->[com.google.android.gms:play-services-base:18.0.1] AndroidManifest.xml:22:19-43
220            android:theme="@android:style/Theme.Translucent.NoTitleBar" />
220-->[com.google.android.gms:play-services-base:18.0.1] AndroidManifest.xml:21:19-78
221
222        <receiver
222-->[com.google.android.gms:play-services-measurement:21.3.0] AndroidManifest.xml:29:9-33:20
223            android:name="com.google.android.gms.measurement.AppMeasurementReceiver"
223-->[com.google.android.gms:play-services-measurement:21.3.0] AndroidManifest.xml:30:13-85
224            android:enabled="true"
224-->[com.google.android.gms:play-services-measurement:21.3.0] AndroidManifest.xml:31:13-35
225            android:exported="false" >
225-->[com.google.android.gms:play-services-measurement:21.3.0] AndroidManifest.xml:32:13-37
226        </receiver>
227
228        <service
228-->[com.google.android.gms:play-services-measurement:21.3.0] AndroidManifest.xml:35:9-38:40
229            android:name="com.google.android.gms.measurement.AppMeasurementService"
229-->[com.google.android.gms:play-services-measurement:21.3.0] AndroidManifest.xml:36:13-84
230            android:enabled="true"
230-->[com.google.android.gms:play-services-measurement:21.3.0] AndroidManifest.xml:37:13-35
231            android:exported="false" />
231-->[com.google.android.gms:play-services-measurement:21.3.0] AndroidManifest.xml:38:13-37
232        <service
232-->[com.google.android.gms:play-services-measurement:21.3.0] AndroidManifest.xml:39:9-43:72
233            android:name="com.google.android.gms.measurement.AppMeasurementJobService"
233-->[com.google.android.gms:play-services-measurement:21.3.0] AndroidManifest.xml:40:13-87
234            android:enabled="true"
234-->[com.google.android.gms:play-services-measurement:21.3.0] AndroidManifest.xml:41:13-35
235            android:exported="false"
235-->[com.google.android.gms:play-services-measurement:21.3.0] AndroidManifest.xml:42:13-37
236            android:permission="android.permission.BIND_JOB_SERVICE" />
236-->[com.google.android.gms:play-services-measurement:21.3.0] AndroidManifest.xml:43:13-69
237
238        <meta-data
238-->[com.google.android.gms:play-services-basement:18.2.0] AndroidManifest.xml:21:9-23:69
239            android:name="com.google.android.gms.version"
239-->[com.google.android.gms:play-services-basement:18.2.0] AndroidManifest.xml:22:13-58
240            android:value="@integer/google_play_services_version" />
240-->[com.google.android.gms:play-services-basement:18.2.0] AndroidManifest.xml:23:13-66
241
242        <provider
242-->[androidx.emoji2:emoji2:1.2.0] AndroidManifest.xml:24:9-32:20
243            android:name="androidx.startup.InitializationProvider"
243-->[androidx.emoji2:emoji2:1.2.0] AndroidManifest.xml:25:13-67
244            android:authorities="com.app.friendschat.androidx-startup"
244-->[androidx.emoji2:emoji2:1.2.0] AndroidManifest.xml:26:13-68
245            android:exported="false" >
245-->[androidx.emoji2:emoji2:1.2.0] AndroidManifest.xml:27:13-37
246            <meta-data
246-->[androidx.emoji2:emoji2:1.2.0] AndroidManifest.xml:29:13-31:52
247                android:name="androidx.emoji2.text.EmojiCompatInitializer"
247-->[androidx.emoji2:emoji2:1.2.0] AndroidManifest.xml:30:17-75
248                android:value="androidx.startup" />
248-->[androidx.emoji2:emoji2:1.2.0] AndroidManifest.xml:31:17-49
249            <meta-data
249-->[androidx.lifecycle:lifecycle-process:2.4.1] AndroidManifest.xml:31:13-33:52
250                android:name="androidx.lifecycle.ProcessLifecycleInitializer"
250-->[androidx.lifecycle:lifecycle-process:2.4.1] AndroidManifest.xml:32:17-78
251                android:value="androidx.startup" />
251-->[androidx.lifecycle:lifecycle-process:2.4.1] AndroidManifest.xml:33:17-49
252            <meta-data
252-->[androidx.work:work-runtime:2.7.0] AndroidManifest.xml:36:13-38:52
253                android:name="androidx.work.WorkManagerInitializer"
253-->[androidx.work:work-runtime:2.7.0] AndroidManifest.xml:37:17-68
254                android:value="androidx.startup" />
254-->[androidx.work:work-runtime:2.7.0] AndroidManifest.xml:38:17-49
255        </provider>
256
257        <service
257-->[androidx.work:work-runtime:2.7.0] AndroidManifest.xml:41:9-46:35
258            android:name="androidx.work.impl.background.systemalarm.SystemAlarmService"
258-->[androidx.work:work-runtime:2.7.0] AndroidManifest.xml:42:13-88
259            android:directBootAware="false"
259-->[androidx.work:work-runtime:2.7.0] AndroidManifest.xml:43:13-44
260            android:enabled="@bool/enable_system_alarm_service_default"
260-->[androidx.work:work-runtime:2.7.0] AndroidManifest.xml:44:13-72
261            android:exported="false" />
261-->[androidx.work:work-runtime:2.7.0] AndroidManifest.xml:45:13-37
262        <service
262-->[androidx.work:work-runtime:2.7.0] AndroidManifest.xml:47:9-53:35
263            android:name="androidx.work.impl.background.systemjob.SystemJobService"
263-->[androidx.work:work-runtime:2.7.0] AndroidManifest.xml:48:13-84
264            android:directBootAware="false"
264-->[androidx.work:work-runtime:2.7.0] AndroidManifest.xml:49:13-44
265            android:enabled="@bool/enable_system_job_service_default"
265-->[androidx.work:work-runtime:2.7.0] AndroidManifest.xml:50:13-70
266            android:exported="true"
266-->[androidx.work:work-runtime:2.7.0] AndroidManifest.xml:51:13-36
267            android:permission="android.permission.BIND_JOB_SERVICE" />
267-->[androidx.work:work-runtime:2.7.0] AndroidManifest.xml:52:13-69
268        <service
268-->[androidx.work:work-runtime:2.7.0] AndroidManifest.xml:54:9-59:35
269            android:name="androidx.work.impl.foreground.SystemForegroundService"
269-->[androidx.work:work-runtime:2.7.0] AndroidManifest.xml:55:13-81
270            android:directBootAware="false"
270-->[androidx.work:work-runtime:2.7.0] AndroidManifest.xml:56:13-44
271            android:enabled="@bool/enable_system_foreground_service_default"